5.000000000000000000e-01
5.999999999999999778e-01
6.999999999999999556e-01
8.000000000000000444e-01
9.000000000000000222e-01
1.000000000000000000e+00
1.100000000000000089e+00
1.200000000000000178e+00
1.300000000000000044e+00
1.399999999999999911e+00
1.500000000000000000e+00
1.600000000000000089e+00
1.700000000000000178e+00
1.800000000000000044e+00
1.900000000000000133e+00
2.000000000000000000e+00
2.100000000000000089e+00
2.200000000000000178e+00
2.299999999999999822e+00
2.400000000000000355e+00
