2.000000000000000111e-01
3.000000000000000444e-01
4.000000000000000222e-01
5.000000000000000000e-01
6.000000000000000888e-01
6.999999999999999556e-01
8.000000000000000444e-01
9.000000000000001332e-01
1.000000000000000000e+00
1.100000000000000089e+00
1.199999999999999956e+00
1.300000000000000044e+00
1.400000000000000133e+00
1.500000000000000000e+00
1.600000000000000089e+00
1.699999999999999956e+00
1.800000000000000044e+00
1.900000000000000133e+00
2.000000000000000000e+00
2.100000000000000089e+00
